<?xml version="1.0" encoding="UTF-8"?>
<testng-results skipped="0" failed="0" total="1" passed="1">
  <reporter-output>
  </reporter-output>
  <suite name="Suite" duration-ms="14115" started-at="2021-09-13T02:13:16Z" finished-at="2021-09-13T02:13:30Z">
    <groups>
      <group name="cucumber">
        <method signature="AbstractTestNGCucumberTests.feature(cucumber.api.testng.CucumberFeatureWrapper)[pri:0, instance:com.sourceDemo.runners.Sourcedemo_TestRunner@7f560810]" name="feature" class="cucumber.api.testng.AbstractTestNGCucumberTests"/>
      </group> <!-- cucumber -->
    </groups>
    <test name="SauceDemo_test" duration-ms="14115" started-at="2021-09-13T02:13:16Z" finished-at="2021-09-13T02:13:30Z">
      <class name="com.sourceDemo.runners.Sourcedemo_TestRunner">
        <test-method status="PASS" signature="setUpClass()[pri:0, instance:com.sourceDemo.runners.Sourcedemo_TestRunner@7f560810]" name="setUpClass" is-config="true" duration-ms="286" started-at="2021-09-13T07:43:16Z" finished-at="2021-09-13T07:43:16Z">
          <reporter-output>
          </reporter-output>
        </test-method> <!-- setUpClass -->
        <test-method status="PASS" signature="setup()[pri:0, instance:com.sourceDemo.runners.Sourcedemo_TestRunner@7f560810]" name="setup" is-config="true" duration-ms="274" started-at="2021-09-13T07:43:16Z" finished-at="2021-09-13T07:43:17Z">
          <reporter-output>
          </reporter-output>
        </test-method> <!-- setup -->
        <test-method status="PASS" signature="feature(cucumber.api.testng.CucumberFeatureWrapper)[pri:0, instance:com.sourceDemo.runners.Sourcedemo_TestRunner@7f560810]" name="feature" duration-ms="12694" started-at="2021-09-13T07:43:17Z" description="Runs Cucumber Feature" data-provider="features" finished-at="2021-09-13T07:43:29Z">
          <params>
            <param index="0">
              <value>
                <![CDATA[Add products to the sourceDemo Cart and place order]]>
              </value>
            </param>
          </params>
          <reporter-output>
          </reporter-output>
        </test-method> <!-- feature -->
        <test-method status="PASS" signature="Report()[pri:0, instance:com.sourceDemo.runners.Sourcedemo_TestRunner@7f560810]" name="Report" is-config="true" duration-ms="253" started-at="2021-09-13T07:43:29Z" finished-at="2021-09-13T07:43:30Z">
          <reporter-output>
          </reporter-output>
        </test-method> <!-- Report -->
        <test-method status="PASS" signature="tearDownClass()[pri:0, instance:com.sourceDemo.runners.Sourcedemo_TestRunner@7f560810]" name="tearDownClass" is-config="true" duration-ms="514" started-at="2021-09-13T07:43:30Z" finished-at="2021-09-13T07:43:30Z">
          <reporter-output>
          </reporter-output>
        </test-method> <!-- tearDownClass -->
      </class> <!-- com.sourceDemo.runners.Sourcedemo_TestRunner -->
    </test> <!-- SauceDemo_test -->
  </suite> <!-- Suite -->
</testng-results>
